2025-01-18 12:48:56,435 - INFO - Trading bot initialized successfully
2025-01-18 12:48:57,588 - ERROR - Error placing order: APIError(code=-1021): Timestamp for this request was 1000ms ahead of the server's time.
2025-01-18 12:48:57,589 - INFO - Completed analysis for BTCUSDT on 1h timeframe
2025-01-18 12:48:58,146 - INFO - Completed analysis for BTCUSDT on 4h timeframe
2025-01-18 12:48:58,617 - INFO - Completed analysis for BTCUSDT on 1d timeframe
2025-01-18 12:49:00,152 - ERROR - Error placing order: APIError(code=-1021): Timestamp for this request was 1000ms ahead of the server's time.
2025-01-18 12:49:00,153 - INFO - Completed analysis for ETHUSDT on 1h timeframe
2025-01-18 12:49:01,588 - ERROR - Error placing order: APIError(code=-1021): Timestamp for this request was 1000ms ahead of the server's time.
2025-01-18 12:49:01,588 - INFO - Completed analysis for ETHUSDT on 4h timeframe
2025-01-18 12:49:02,404 - INFO - Completed analysis for ETHUSDT on 1d timeframe
2025-01-18 12:58:09,133 - INFO - api_key: f0aRZJAZAItVKk21JiOFW9SSZn7c9wOb0TyawdEKXzG2xoYmVBfjKQaQiHoMrash api_secret: YTdFBjsHzshsw2xBWGZB2yPqcOWEPDrsYYzKMb0R0SFzQJTCeOuva1OrgaCUYV6y 
2025-01-18 12:58:11,441 - INFO - Trading bot initialized successfully
2025-01-18 12:58:13,192 - ERROR - Error placing order: APIError(code=-1021): Timestamp for this request was 1000ms ahead of the server's time.
2025-01-18 12:58:13,193 - INFO - Completed analysis for BTCUSDT on 1h timeframe
2025-01-18 12:58:14,071 - INFO - Completed analysis for BTCUSDT on 4h timeframe
2025-01-18 12:58:15,042 - INFO - Completed analysis for BTCUSDT on 1d timeframe
2025-01-18 12:58:16,069 - ERROR - Error placing order: APIError(code=-1021): Timestamp for this request was 1000ms ahead of the server's time.
2025-01-18 12:58:16,069 - INFO - Completed analysis for ETHUSDT on 1h timeframe
2025-01-18 12:58:17,468 - ERROR - Error placing order: APIError(code=-1021): Timestamp for this request was 1000ms ahead of the server's time.
2025-01-18 12:58:17,469 - INFO - Completed analysis for ETHUSDT on 4h timeframe
2025-01-18 12:58:18,584 - INFO - Completed analysis for ETHUSDT on 1d timeframe
2025-01-18 13:00:45,480 - ERROR - Fatal error: API credentials not found in environment variables
2025-01-18 14:05:50,977 - INFO - Trading bot initialized successfully
2025-01-18 14:05:51,563 - INFO - data_fetcher:                           Open       High        Low      Close  ...  number_of_trades  taker_buy_base_asset_volume taker_buy_quote_asset_volume  ignore
timestamp                                                        ...                                                                                    
2024-12-19 15:00:00  100942.41  101063.38   99500.00  100679.86  ...            525281                2161.67229000           216791535.70672150       0
2024-12-19 16:00:00  100679.86  101200.00   99830.00  100716.30  ...            268836                1142.02555000           114879389.61266240       0
2024-12-19 17:00:00  100716.30  100748.87   97500.00   98855.86  ...            530110                2143.20005000           212365820.34195020       0
2024-12-19 18:00:00   98855.86   98952.73   96900.00   98932.73  ...            664141                2346.27067000           230083773.39276040       0
2024-12-19 19:00:00   98932.72   99064.06   96251.32   97199.72  ...            449767                1571.46478000           153154359.90974890       0
...                        ...        ...        ...        ...  ...               ...                          ...                          ...     ...
2025-01-18 15:00:00  103993.02  104988.88  103761.05  104568.96  ...            240966                 824.54152000            86104931.59563910       0
2025-01-18 16:00:00  104568.96  104719.29  103156.02  103253.66  ...            332468                 819.01022000            85158174.70411790       0
2025-01-18 17:00:00  103253.65  104207.97  103253.65  103826.16  ...            184411                 425.29103000            44156012.95807860       0
2025-01-18 18:00:00  103826.16  104395.92  103779.76  104084.74  ...            139308                 439.90178000            45784120.79975650       0
2025-01-18 19:00:00  104084.74  104276.71  104084.73  104168.00  ...             17197                  40.50157000             4219798.16049000       0

[725 rows x 11 columns] symbol: BTCUSDT
2025-01-18 14:05:52,133 - ERROR - Error placing order: APIError(code=-1021): Timestamp for this request was 1000ms ahead of the server's time.
2025-01-18 14:05:52,134 - INFO - Completed analysis for BTCUSDT on 1h timeframe
2025-01-18 14:05:52,615 - INFO - data_fetcher:                           Open       High        Low      Close  ...  number_of_trades  taker_buy_base_asset_volume taker_buy_quote_asset_volume  ignore
timestamp                                                        ...                                                                                    
2024-12-19 16:00:00  100679.86  101200.00   96251.32   97199.72  ...           1912854                7202.96105000           710483343.25712190       0
2024-12-19 20:00:00   97199.72   98500.00   95700.00   97461.86  ...           1022809                5634.66045000           547557584.72971690       0
2024-12-20 00:00:00   97461.86   97814.09   96000.00   97106.02  ...           1302263                4046.38644000           392687732.41133680       0
2024-12-20 04:00:00   97106.02   98233.00   96374.03   97832.53  ...           1068862                3155.06098000           307393460.34563140       0
2024-12-20 08:00:00   97832.52   97864.91   92612.10   92723.98  ...           2143807                8163.57541000           772906321.88290280       0
...                        ...        ...        ...        ...  ...               ...                          ...                          ...     ...
2025-01-18 00:00:00  104077.47  104656.87  103000.25  103559.82  ...            419493                1448.45302000           150754359.77295750       0
2025-01-18 04:00:00  103559.82  103771.21  102602.48  102821.75  ...            567929                2331.87639000           240755930.03301990       0
2025-01-18 08:00:00  102821.75  103883.01  102277.55  103589.29  ...            569582                2061.02003000           212480749.13062200       0
2025-01-18 12:00:00  103589.29  104988.88  103107.65  104568.96  ...            683975                2588.46307000           269411361.82202800       0
2025-01-18 16:00:00  104568.96  104719.29  103156.02  104168.00  ...            673384                1724.70460000           179318106.62244300       0

[181 rows x 11 columns] symbol: BTCUSDT
2025-01-18 14:05:52,705 - INFO - Completed analysis for BTCUSDT on 4h timeframe
2025-01-18 14:05:53,177 - INFO - data_fetcher:                  Open       High        Low      Close  ...  number_of_trades  taker_buy_base_asset_volume taker_buy_quote_asset_volume  ignore
timestamp                                               ...                                                                                    
2024-12-20   97461.86   98233.00   92232.54   97805.44  ...           7429007               29463.23021000          2822939306.66307790       0
2024-12-21   97805.44   99540.61   96398.39   97291.99  ...           3717638               11726.94119000          1146732451.42181330       0
2024-12-22   97292.00   97448.08   94250.35   95186.27  ...           3633551                9293.39749000           892081877.76277080       0
2024-12-23   95186.28   96538.92   92520.00   94881.47  ...           5464919               16339.58355000          1544707289.74436910       0
2024-12-24   94881.47   99487.99   93569.02   98663.58  ...           3421549               11969.25390000          1156798174.58232600       0
2024-12-25   98663.58   99569.15   97632.02   99429.60  ...           3283028                7006.52650000           690465056.58718590       0
2024-12-26   99429.61   99963.70   95199.14   95791.60  ...           5203490               10071.87249000           973940616.12924430       0
2024-12-27   95791.60   97544.58   93500.01   94299.03  ...           5718866               12945.51657000          1235623739.05781850       0
2024-12-28   94299.03   95733.99   94135.66   95300.00  ...           2732061                4203.59876000           398416342.12816700       0
2024-12-29   95300.00   95340.00   93009.52   93738.20  ...           2865838                5651.38589000           532195414.10274130       0
2024-12-30   93738.19   95024.50   91530.45   92792.05  ...           5560563               13092.19646000          1220209278.25232730       0
2024-12-31   92792.05   96250.00   92033.73   93576.00  ...           3347847                9687.96775000           911716321.60540200       0
2025-01-01   93576.00   95151.15   92888.00   94591.79  ...           1516556                5347.73648000           502914035.64059070       0
2025-01-02   94591.78   97839.50   94392.00   96984.79  ...           3569079               10915.96986000          1052226710.33367170       0
2025-01-03   96984.79   98976.91   96100.01   98174.18  ...           2851164                7468.60797000           727787246.89655880       0
2025-01-04   98174.17   98778.43   97514.79   98220.50  ...           1559982                4350.80221000           426524714.13055390       0
2025-01-05   98220.51   98836.85   97276.79   98363.61  ...           1685799                3877.90985000           380355340.46860360       0
2025-01-06   98363.61  102480.00   97920.00  102235.60  ...           3853702               12539.59534000          1260943259.46625620       0
2025-01-07  102235.60  102724.38   96181.81   96954.61  ...           4480562               14815.11453000          1464336049.70553450       0
2025-01-08   96954.60   97268.65   92500.90   95060.61  ...           5171208               15803.85091000          1503791328.69930850       0
2025-01-09   95060.61   95382.32   91203.67   92552.49  ...           6027161               15323.62663000          1427812152.27276120       0
2025-01-10   92552.49   95836.00   92206.02   94726.11  ...           5531444               15617.43823000          1469711545.65712720       0
2025-01-11   94726.10   95050.94   93831.73   94599.99  ...           1496191                3412.37671000           322346977.43545530       0
2025-01-12   94599.99   95450.10   93711.19   94545.06  ...           1658863                4028.33031000           380691769.91844270       0
2025-01-13   94545.07   95940.00   89256.69   94536.10  ...           5740963               19473.88042000          1797888178.84960790       0
2025-01-14   94536.11   97371.00   94346.22   96560.86  ...           4532923               14248.69616000          1369464111.69349600       0
2025-01-15   96560.85  100681.94   96500.00  100497.35  ...           3487945               15494.17873000          1527728226.30833280       0
2025-01-16  100497.35  100866.66   97335.13   99987.30  ...           3762755               13513.53707000          1342462621.62732850       0
2025-01-17   99987.30  105865.22   99950.77  104077.48  ...           3886907               20673.21300000          2131223293.20484620       0
2025-01-18  104077.47  104988.88  102277.55  104167.99  ...           2914364               10154.51711000          1052720507.38107040       0

[30 rows x 11 columns] symbol: BTCUSDT
2025-01-18 14:05:53,196 - INFO - Completed analysis for BTCUSDT on 1d timeframe
2025-01-18 14:05:54,194 - INFO - data_fetcher:                         Open     High      Low    Close  ...  number_of_trades  taker_buy_base_asset_volume taker_buy_quote_asset_volume  ignore
timestamp                                                ...                                                                                    
2024-12-19 15:00:00  3638.59  3640.94  3572.73  3613.92  ...            400428               29367.81750000           105669791.60582100       0
2024-12-19 16:00:00  3613.92  3637.10  3589.07  3620.17  ...            217196               13416.97970000            48463810.74567400       0
2024-12-19 17:00:00  3620.17  3621.01  3394.97  3479.84  ...            519265               57060.60140000           199989667.63182400       0
2024-12-19 18:00:00  3479.83  3521.05  3403.12  3519.91  ...            628813               62320.02720000           215891528.47048800       0
2024-12-19 19:00:00  3519.90  3528.69  3376.20  3439.44  ...            552550               43292.70870000           149149427.16895500       0
...                      ...      ...      ...      ...  ...               ...                          ...                          ...     ...
2025-01-18 15:00:00  3297.50  3347.34  3285.16  3307.07  ...            244227               22946.36990000            76271533.92715600       0
2025-01-18 16:00:00  3307.07  3316.62  3253.89  3253.89  ...            315474               23018.19750000            75649136.84182900       0
2025-01-18 17:00:00  3253.90  3285.93  3253.46  3258.20  ...            176174                8182.24180000            26785904.88006500       0
2025-01-18 18:00:00  3258.20  3284.27  3250.00  3264.78  ...            164023                8570.16190000            28016620.66367300       0
2025-01-18 19:00:00  3264.77  3269.82  3261.50  3266.15  ...             16679                 671.25320000             2191563.51599400       0

[725 rows x 11 columns] symbol: ETHUSDT
2025-01-18 14:05:54,732 - ERROR - Error placing order: APIError(code=-1021): Timestamp for this request was 1000ms ahead of the server's time.
2025-01-18 14:05:54,733 - INFO - Completed analysis for ETHUSDT on 1h timeframe
2025-01-18 14:05:55,538 - INFO - data_fetcher:                         Open     High      Low    Close  ...  number_of_trades  taker_buy_base_asset_volume taker_buy_quote_asset_volume  ignore
timestamp                                                ...                                                                                    
2024-12-19 16:00:00  3613.92  3637.10  3376.20  3439.44  ...           1917824              176090.31700000           613494434.01694100       0
2024-12-19 20:00:00  3439.45  3465.11  3326.80  3417.01  ...           1050293              108088.60490000           366993893.09919500       0
2024-12-20 00:00:00  3417.01  3465.60  3370.47  3413.87  ...           1053851               60105.51460000           205387694.71414900       0
2024-12-20 04:00:00  3413.85  3431.16  3328.44  3390.48  ...           1060977               62121.32800000           210343360.46810500       0
2024-12-20 08:00:00  3390.48  3390.79  3103.00  3104.56  ...           2449940              214286.57470000           691759600.79270600       0
...                      ...      ...      ...      ...  ...               ...                          ...                          ...     ...
2025-01-18 00:00:00  3473.64  3494.39  3368.06  3384.07  ...            410718               33630.90630000           115485470.77366400       0
2025-01-18 04:00:00  3384.08  3395.49  3281.09  3287.63  ...            842934               66782.37280000           222339894.55895200       0
2025-01-18 08:00:00  3287.64  3324.10  3227.00  3311.62  ...            862113               77516.37400000           253756989.91587600       0
2025-01-18 12:00:00  3311.63  3347.34  3274.17  3307.07  ...            681476               58158.14260000           192543707.93323200       0
2025-01-18 16:00:00  3307.07  3316.62  3250.00  3266.39  ...            672370               40442.10910000           132644057.79475100       0

[181 rows x 11 columns] symbol: ETHUSDT
2025-01-18 14:05:56,174 - ERROR - Error placing order: APIError(code=-1021): Timestamp for this request was 1000ms ahead of the server's time.
2025-01-18 14:05:56,174 - INFO - Completed analysis for ETHUSDT on 4h timeframe
2025-01-18 14:05:56,978 - INFO - data_fetcher:                Open     High      Low    Close  ...  number_of_trades  taker_buy_base_asset_volume taker_buy_quote_asset_volume  ignore
timestamp                                       ...                                                                                    
2024-12-20  3417.01  3497.84  3101.90  3472.21  ...           7029546              616548.69460000          2043875039.78797600       0
2024-12-21  3472.20  3555.18  3293.11  3338.92  ...           2732677              227433.37900000           779411940.38609500       0
2024-12-22  3338.92  3403.00  3221.10  3281.83  ...           2546556              178324.64420000           592471146.24274100       0
2024-12-23  3281.83  3466.99  3216.97  3422.53  ...           4032824              251606.21720000           838574859.78571200       0
2024-12-24  3422.53  3539.65  3358.19  3493.18  ...           2764397              158218.89880000           544905389.45923000       0
2024-12-25  3493.17  3547.95  3440.93  3497.00  ...           2133099              110386.21040000           384894251.07668100       0
2024-12-26  3497.00  3514.94  3304.63  3335.05  ...           2543314              164346.24880000           554727435.33012100       0
2024-12-27  3335.04  3444.16  3306.60  3333.51  ...           3133395              171567.67040000           577327628.47015500       0
2024-12-28  3333.51  3428.68  3322.23  3404.00  ...           1445334               88404.95780000           297871890.10946200       0
2024-12-29  3404.01  3413.78  3326.17  3356.48  ...           1170497               74717.28830000           252109610.01206700       0
2024-12-30  3356.48  3437.59  3305.00  3361.84  ...           2700666              215138.52690000           726878029.72007100       0
2024-12-31  3361.83  3451.00  3315.59  3337.78  ...           2021786              146510.75010000           495460792.49061200       0
2025-01-01  3337.78  3374.85  3313.88  3360.38  ...           1182219               99518.02170000           333085258.28746200       0
2025-01-02  3360.39  3509.99  3354.50  3455.67  ...           2373075              169044.36270000           582161055.52196500       0
2025-01-03  3455.68  3630.00  3423.44  3609.01  ...           2293811              169194.07500000           597682226.03096200       0
2025-01-04  3609.00  3671.60  3572.42  3656.88  ...           1567855              116823.14830000           422850861.08688600       0
2025-01-05  3656.88  3675.25  3593.70  3635.99  ...           1461192               76901.37580000           279135355.27000600       0
2025-01-06  3636.00  3744.83  3610.63  3687.45  ...           2753873              166824.61960000           612822771.95455100       0
2025-01-07  3687.44  3700.86  3356.31  3381.31  ...           3538701              254553.45020000           892893276.02080900       0
2025-01-08  3381.31  3415.10  3208.20  3327.29  ...           3766197              275577.22690000           916259778.41837900       0
2025-01-09  3327.29  3357.27  3158.00  3219.20  ...           3685889              237793.73460000           777185110.08267900       0
2025-01-10  3219.20  3322.49  3193.97  3267.04  ...           3199118              222519.18490000           726413490.66837400       0
2025-01-11  3267.05  3320.18  3217.56  3282.83  ...           1208777               74202.78760000           242350177.14399100       0
2025-01-12  3282.83  3300.00  3224.49  3267.30  ...           1151908               78312.53320000           255990007.31399000       0
2025-01-13  3267.30  3339.00  2920.00  3137.51  ...           4900248              410956.80140000          1271030799.21146800       0
2025-01-14  3137.51  3256.67  3125.65  3225.63  ...           2446285              180843.36050000           578754045.67724400       0
2025-01-15  3225.63  3473.75  3186.36  3451.52  ...           2689488              233981.71830000           775803015.40606800       0
2025-01-16  3451.51  3460.79  3265.44  3308.05  ...           2667507              227669.87210000           760336218.42832100       0
2025-01-17  3308.04  3525.72  3307.50  3473.63  ...           3165882              269301.51330000           920836504.15644600       0
2025-01-18  3473.64  3494.39  3227.00  3266.49  ...           3469621              276530.64990000           916772554.83817400       0

[30 rows x 11 columns] symbol: ETHUSDT
2025-01-18 14:05:56,999 - INFO - Completed analysis for ETHUSDT on 1d timeframe
2025-01-18 14:05:58,002 - INFO - data_fetcher:                        Open    High     Low   Close  ...  number_of_trades  taker_buy_base_asset_volume taker_buy_quote_asset_volume  ignore
timestamp                                            ...                                                                                    
2024-12-19 15:00:00  2.3301  2.3350  2.2707  2.3278  ...            256379            33158236.00000000            76350521.41290000       0
2024-12-19 16:00:00  2.3277  2.3469  2.3025  2.3459  ...            108294            11636677.00000000            27028746.20320000       0
2024-12-19 17:00:00  2.3459  2.3466  2.2000  2.2466  ...            267106            31611241.00000000            71298692.65980000       0
2024-12-19 18:00:00  2.2467  2.3104  2.2190  2.2929  ...            373100            38146319.00000000            85869010.13700000       0
2024-12-19 19:00:00  2.2929  2.3010  2.1900  2.2298  ...            252059            22597892.00000000            50421025.15920000       0
...                     ...     ...     ...     ...  ...               ...                          ...                          ...     ...
2025-01-18 15:00:00  3.2000  3.2212  3.1742  3.1770  ...            144488             7765547.00000000            24853084.48110000       0
2025-01-18 16:00:00  3.1771  3.1865  3.1324  3.1433  ...            191956             9733922.00000000            30729236.02000000       0
2025-01-18 17:00:00  3.1433  3.1896  3.1418  3.1556  ...             99262             5987676.00000000            18987597.99390000       0
2025-01-18 18:00:00  3.1557  3.2070  3.1490  3.1806  ...            102746             6190130.00000000            19705255.96840000       0
2025-01-18 19:00:00  3.1805  3.1904  3.1713  3.1897  ...              9757              549891.00000000             1749240.90780000       0

[725 rows x 11 columns] symbol: XRPUSDT
2025-01-18 14:05:58,396 - INFO - Completed analysis for XRPUSDT on 1h timeframe
2025-01-18 14:05:59,205 - INFO - data_fetcher:                        Open    High     Low   Close  ...  number_of_trades  taker_buy_base_asset_volume taker_buy_quote_asset_volume  ignore
timestamp                                            ...                                                                                    
2024-12-19 16:00:00  2.3277  2.3469  2.1900  2.2298  ...           1000559           103992129.00000000           234617474.15920000       0
2024-12-19 20:00:00  2.2299  2.2915  2.1595  2.2390  ...            547431            63348277.00000000           141677203.28220000       0
2024-12-20 00:00:00  2.2391  2.3550  2.2237  2.3298  ...            457197            57727965.00000000           132903877.79860000       0
2024-12-20 04:00:00  2.3298  2.3420  2.2504  2.2894  ...            381961            40323716.00000000            92656139.41760000       0
2024-12-20 08:00:00  2.2893  2.2931  1.9601  1.9678  ...           1614428           175947358.00000000           369096042.70260000       0
...                     ...     ...     ...     ...  ...               ...                          ...                          ...     ...
2025-01-18 00:00:00  3.2923  3.2996  3.1985  3.2398  ...            493149            39309965.00000000           127843992.13370000       0
2025-01-18 04:00:00  3.2398  3.2475  3.0701  3.1166  ...            784689            49662556.00000000           156239010.47030000       0
2025-01-18 08:00:00  3.1165  3.1843  3.0580  3.1729  ...            710633            41397053.00000000           129098688.95870000       0
2025-01-18 12:00:00  3.1729  3.2499  3.1540  3.1770  ...            626271            36613187.00000000           117343501.46350000       0
2025-01-18 16:00:00  3.1771  3.2070  3.1324  3.1905  ...            403777            22466283.00000000            71186210.98320000       0

[181 rows x 11 columns] symbol: XRPUSDT
2025-01-18 14:05:59,294 - INFO - Completed analysis for XRPUSDT on 4h timeframe
2025-01-18 14:06:00,098 - INFO - data_fetcher:               Open    High     Low   Close  ...  number_of_trades  taker_buy_base_asset_volume taker_buy_quote_asset_volume  ignore
timestamp                                   ...                                                                                    
2024-12-20  2.2391  2.3550  1.9601  2.2793  ...           4550864           546277132.00000000          1187930319.63840000       0
2024-12-21  2.2793  2.3858  2.1915  2.2380  ...           1913665           217812253.00000000           496033866.99500000       0
2024-12-22  2.2379  2.2938  2.1604  2.2031  ...           1268046           152709222.00000000           340111247.49740000       0
2024-12-23  2.2032  2.2789  2.1308  2.2617  ...           1350894           188879907.00000000           414571729.68730000       0
2024-12-24  2.2616  2.3507  2.2138  2.3238  ...            784459           117955772.00000000           269742976.75300000       0
2024-12-25  2.3238  2.3325  2.2615  2.2973  ...            620228            75098648.00000000           172326908.85550000       0
2024-12-26  2.2973  2.3164  2.1277  2.1559  ...           1162580           124397646.00000000           273228177.42670000       0
2024-12-27  2.1559  2.2379  2.1149  2.1466  ...            989067           119528642.00000000           259770392.12300000       0
2024-12-28  2.1467  2.2076  2.1343  2.1843  ...            490662            49557554.00000000           107753451.44560000       0
2024-12-29  2.1843  2.1976  2.0711  2.0942  ...            551740            57333309.00000000           122967669.98540000       0
2024-12-30  2.0941  2.1526  1.9954  2.0587  ...           1395822           153711217.00000000           318021822.62760000       0
2024-12-31  2.0587  2.1491  2.0126  2.0836  ...            979432            95256012.00000000           198358445.48940000       0
2025-01-01  2.0836  2.3545  2.0811  2.3328  ...           1403523           172730136.00000000           385505187.54090000       0
2025-01-02  2.3329  2.4522  2.3297  2.4024  ...           1580048           176197020.00000000           422542683.73910000       0
2025-01-03  2.4024  2.4798  2.3966  2.4547  ...           1277666           115684473.00000000           281915201.25950000       0
2025-01-04  2.4546  2.5090  2.3999  2.4201  ...           1037882            92266324.00000000           226298612.33350000       0
2025-01-05  2.4201  2.4285  2.3273  2.3994  ...           1004398            75238874.00000000           178995628.61710000       0
2025-01-06  2.3993  2.4584  2.3674  2.4200  ...           1362403            96782056.00000000           233565957.33510000       0
2025-01-07  2.4200  2.4683  2.2572  2.2712  ...           2103134           163078786.00000000           384286875.45510000       0
2025-01-08  2.2712  2.3986  2.2001  2.3731  ...           2658449           198096518.00000000           457806836.44310000       0
2025-01-09  2.3730  2.3956  2.2351  2.2722  ...           2023830           143349174.00000000           330873563.98270000       0
2025-01-10  2.2722  2.3699  2.2465  2.3414  ...           1750697           123470779.00000000           284190360.44840000       0
2025-01-11  2.3414  2.6036  2.3249  2.5764  ...           2062973           174913645.00000000           431462023.81340000       0
2025-01-12  2.5764  2.5835  2.4700  2.5046  ...           1690594           108970788.00000000           274693060.86110000       0
2025-01-13  2.5045  2.5634  2.3297  2.5232  ...           3173708           258555447.00000000           634762394.39910000       0
2025-01-14  2.5232  2.7000  2.5126  2.6673  ...           2369127           200394637.00000000           520816749.86420000       0
2025-01-15  2.6673  3.2000  2.6492  3.1429  ...           6520615           548082481.47000000          1587665774.31833700       0
2025-01-16  3.1430  3.4000  2.9228  3.2451  ...           7670634           561414637.20000000          1795860202.70747900       0
2025-01-17  3.2450  3.3544  3.1758  3.2922  ...           3804175           255909175.00000000           837031735.98020000       0
2025-01-18  3.2923  3.2996  3.0580  3.1905  ...           3018529           189449049.00000000           601711419.96240000       0

[30 rows x 11 columns] symbol: XRPUSDT
2025-01-18 14:06:00,336 - ERROR - Error placing order: APIError(code=-1021): Timestamp for this request was 1000ms ahead of the server's time.
2025-01-18 14:06:00,336 - INFO - Completed analysis for XRPUSDT on 1d timeframe
